{"logTime": "0703/112519", "correlationVector":"c/dCqgoz+AnFWF+1J14U6t.1","action":"SyncServerConnectionManagerRequest", "result":"SYNC_SERVER_OK", "context":{"environment":"Prod_SoutheastAsia_000j", "migrationStage":"MigrationComplete", "server":"GENERAL0300001N"}}
{"logTime": "0703/112520", "correlationVector":"WR7ZdsNUkQnlhHTcto7flq","action":"SyncServerConnectionManagerRequest", "result":"SYNC_SERVER_OK", "context":{"environment":"", "migrationStage":"", "server":""}}
{"logTime": "0703/112520", "correlationVector":"c/dCqgoz+AnFWF+1J14U6t","action":"Initial GetUpdates", "result":"", "context":Reason: NEW_CLIENT. cV=c/dCqgoz+AnFWF+1J14U6t}
{"logTime": "0703/112520", "correlationVector":"c/dCqgoz+AnFWF+1J14U6t.2","action":"GetUpdates Response", "result":"Success", "context":Received 1 update(s). cV=c/dCqgoz+AnFWF+1J14U6t.0;server=GENERAL0300001N;cloudType=Consumer;environment=Prod_SoutheastAsia_000j;migrationStage=MigrationComplete}
{"logTime": "0703/112522", "correlationVector":"nbWcYdCBO7gHguoSAE836d","action":"Normal GetUpdate request", "result":"", "context":cV=nbWcYdCBO7gHguoSAE836d
Refresh requested types: Encryption Keys}
{"logTime": "0703/112522", "correlationVector":"nbWcYdCBO7gHguoSAE836d.1","action":"SyncServerConnectionManagerRequest", "result":"SYNC_SERVER_OK", "context":{"environment":"Prod_SoutheastAsia_000j", "migrationStage":"NotStarted", "server":"GENERAL0100000L"}}
{"logTime": "0703/112522", "correlationVector":"nbWcYdCBO7gHguoSAE836d.2","action":"GetUpdates Response", "result":"Success", "context":Received 0 update(s). cV=nbWcYdCBO7gHguoSAE836d.0;server=GENERAL0100000L;cloudType=Consumer;environment=Prod_SoutheastAsia_000j;migrationStage=NotStarted}
{"logTime": "0703/113016", "correlationVector":"+68K7rqD8dLPy+icrwz45D","action":"Normal GetUpdate request", "result":"", "context":cV=+68K7rqD8dLPy+icrwz45D
Refresh requested types: Encryption Keys}
{"logTime": "0703/113017", "correlationVector":"+68K7rqD8dLPy+icrwz45D.1","action":"SyncServerConnectionManagerRequest", "result":"SYNC_SERVER_OK", "context":{"environment":"Prod_SoutheastAsia_000j", "migrationStage":"NotStarted", "server":"GENERAL0300003F"}}
{"logTime": "0703/113017", "correlationVector":"+68K7rqD8dLPy+icrwz45D.2","action":"GetUpdates Response", "result":"Success", "context":Received 0 update(s). cV=+68K7rqD8dLPy+icrwz45D.0;server=GENERAL0300003F;cloudType=Consumer;environment=Prod_SoutheastAsia_000j;migrationStage=NotStarted}
{"logTime": "0703/113853", "correlationVector":"hL6PBaDU8YJufrk3bAsCKx.1","action":"SyncServerConnectionManagerRequest", "result":"SYNC_SERVER_OK", "context":{"environment":"Prod_SoutheastAsia_000j", "migrationStage":"MigrationComplete", "server":"GENERAL0300001O"}}
{"logTime": "0703/113854", "correlationVector":"TC9kMreMesFzcJ5bwb30sv","action":"SyncServerConnectionManagerRequest", "result":"SYNC_SERVER_OK", "context":{"environment":"", "migrationStage":"", "server":""}}
{"logTime": "0703/113854", "correlationVector":"hL6PBaDU8YJufrk3bAsCKx","action":"Initial GetUpdates", "result":"", "context":Reason: NEW_CLIENT. cV=hL6PBaDU8YJufrk3bAsCKx}
{"logTime": "0703/113854", "correlationVector":"hL6PBaDU8YJufrk3bAsCKx.2","action":"GetUpdates Response", "result":"Success", "context":Received 1 update(s). cV=hL6PBaDU8YJufrk3bAsCKx.0;server=GENERAL0300001O;cloudType=Consumer;environment=Prod_SoutheastAsia_000j;migrationStage=MigrationComplete}
{"logTime": "0703/113854", "correlationVector":"Q5m5SBQ2JzuxnijFauzWVK","action":"Normal GetUpdate request", "result":"", "context":cV=Q5m5SBQ2JzuxnijFauzWVK
Refresh requested types: Encryption Keys}
{"logTime": "0703/113854", "correlationVector":"Q5m5SBQ2JzuxnijFauzWVK.1","action":"SyncServerConnectionManagerRequest", "result":"SYNC_SERVER_OK", "context":{"environment":"Prod_SoutheastAsia_000j", "migrationStage":"NotStarted", "server":"GENERAL03000035"}}
{"logTime": "0703/113854", "correlationVector":"Q5m5SBQ2JzuxnijFauzWVK.2","action":"GetUpdates Response", "result":"Success", "context":Received 0 update(s). cV=Q5m5SBQ2JzuxnijFauzWVK.0;server=GENERAL03000035;cloudType=Consumer;environment=Prod_SoutheastAsia_000j;migrationStage=NotStarted}
{"logTime": "0724/104408", "correlationVector":"D+S6t0phqNX9zKr8i7QsXT.1","action":"SyncServerConnectionManagerRequest", "result":"SYNC_SERVER_OK", "context":{"environment":"Prod_SoutheastAsia_000j", "migrationStage":"MigrationComplete", "server":"GENERAL03000002"}}
{"logTime": "0724/104408", "correlationVector":"113Xzvv4biqLLkz2u49aFo","action":"SyncServerConnectionManagerRequest", "result":"SYNC_SERVER_OK", "context":{"environment":"", "migrationStage":"", "server":""}}
{"logTime": "0724/104408", "correlationVector":"D+S6t0phqNX9zKr8i7QsXT","action":"Initial GetUpdates", "result":"", "context":Reason: NEW_CLIENT. cV=D+S6t0phqNX9zKr8i7QsXT}
{"logTime": "0724/104408", "correlationVector":"D+S6t0phqNX9zKr8i7QsXT.2","action":"GetUpdates Response", "result":"Success", "context":Received 1 update(s). cV=D+S6t0phqNX9zKr8i7QsXT.0;server=GENERAL03000002;cloudType=Consumer;environment=Prod_SoutheastAsia_000j;migrationStage=MigrationComplete}
{"logTime": "0724/104408", "correlationVector":"TXF4zo0f54d0YE5vfgJLJR","action":"Normal GetUpdate request", "result":"", "context":cV=TXF4zo0f54d0YE5vfgJLJR
Refresh requested types: Encryption Keys}
{"logTime": "0724/104408", "correlationVector":"TXF4zo0f54d0YE5vfgJLJR.1","action":"SyncServerConnectionManagerRequest", "result":"SYNC_SERVER_OK", "context":{"environment":"Prod_SoutheastAsia_000j", "migrationStage":"NotStarted", "server":"GENERAL03000003"}}
{"logTime": "0724/104408", "correlationVector":"TXF4zo0f54d0YE5vfgJLJR.2","action":"GetUpdates Response", "result":"Success", "context":Received 0 update(s). cV=TXF4zo0f54d0YE5vfgJLJR.0;server=GENERAL03000003;cloudType=Consumer;environment=Prod_SoutheastAsia_000j;migrationStage=NotStarted}
{"logTime": "0724/104905", "correlationVector":"4VeNetaDmcjNK+TUd8Hhff","action":"Normal GetUpdate request", "result":"", "context":cV=4VeNetaDmcjNK+TUd8Hhff
Refresh requested types: Encryption Keys}
{"logTime": "0724/104905", "correlationVector":"4VeNetaDmcjNK+TUd8Hhff.1","action":"SyncServerConnectionManagerRequest", "result":"SYNC_SERVER_OK", "context":{"environment":"Prod_SoutheastAsia_000j", "migrationStage":"NotStarted", "server":"GENERAL01000012"}}
{"logTime": "0724/104905", "correlationVector":"4VeNetaDmcjNK+TUd8Hhff.2","action":"GetUpdates Response", "result":"Success", "context":Received 0 update(s). cV=4VeNetaDmcjNK+TUd8Hhff.0;server=GENERAL01000012;cloudType=Consumer;environment=Prod_SoutheastAsia_000j;migrationStage=NotStarted}
{"logTime": "0724/104953", "correlationVector":"8cQBa0tw6pSIPVV7h4G/OB.1","action":"SyncServerConnectionManagerRequest", "result":"SYNC_SERVER_OK", "context":{"environment":"Prod_SoutheastAsia_000j", "migrationStage":"NotStarted", "server":"GENERAL0300001P"}}
{"logTime": "0724/104953", "correlationVector":"JYpAILQbTTwnAH22eEbheL","action":"SyncServerConnectionManagerRequest", "result":"SYNC_SERVER_OK", "context":{"environment":"", "migrationStage":"", "server":""}}
{"logTime": "0724/104953", "correlationVector":"8cQBa0tw6pSIPVV7h4G/OB","action":"Initial GetUpdates", "result":"", "context":Reason: NEW_CLIENT. cV=8cQBa0tw6pSIPVV7h4G/OB}
{"logTime": "0724/104953", "correlationVector":"8cQBa0tw6pSIPVV7h4G/OB.2","action":"GetUpdates Response", "result":"Success", "context":Received 1 update(s). cV=8cQBa0tw6pSIPVV7h4G/OB.0;server=GENERAL0300001P;cloudType=Consumer;environment=Prod_SoutheastAsia_000j;migrationStage=NotStarted}
{"logTime": "0724/104953", "correlationVector":"1JfTocXf1NRGhURo8X0loM","action":"Normal GetUpdate request", "result":"", "context":cV=1JfTocXf1NRGhURo8X0loM
Refresh requested types: Encryption Keys}
{"logTime": "0724/104954", "correlationVector":"1JfTocXf1NRGhURo8X0loM.1","action":"SyncServerConnectionManagerRequest", "result":"SYNC_SERVER_OK", "context":{"environment":"Prod_SoutheastAsia_000j", "migrationStage":"NotStarted", "server":"GENERAL03000039"}}
{"logTime": "0724/104954", "correlationVector":"1JfTocXf1NRGhURo8X0loM.2","action":"GetUpdates Response", "result":"Success", "context":Received 0 update(s). cV=1JfTocXf1NRGhURo8X0loM.0;server=GENERAL03000039;cloudType=Consumer;environment=Prod_SoutheastAsia_000j;migrationStage=NotStarted}
{"logTime": "0724/105453", "correlationVector":"MHG+GIkSrqt9A88bxy/G1o","action":"Normal GetUpdate request", "result":"", "context":cV=MHG+GIkSrqt9A88bxy/G1o
Refresh requested types: Encryption Keys}
{"logTime": "0724/105453", "correlationVector":"MHG+GIkSrqt9A88bxy/G1o.1","action":"SyncServerConnectionManagerRequest", "result":"SYNC_SERVER_OK", "context":{"environment":"Prod_SoutheastAsia_000j", "migrationStage":"NotStarted", "server":"GENERAL01000009"}}
{"logTime": "0724/105453", "correlationVector":"MHG+GIkSrqt9A88bxy/G1o.2","action":"GetUpdates Response", "result":"Success", "context":Received 0 update(s). cV=MHG+GIkSrqt9A88bxy/G1o.0;server=GENERAL01000009;cloudType=Consumer;environment=Prod_SoutheastAsia_000j;migrationStage=NotStarted}
{"logTime": "0724/105629", "correlationVector":"T2EeMhNL0h6imGEWj+2ncD.1","action":"SyncServerConnectionManagerRequest", "result":"SYNC_SERVER_OK", "context":{"environment":"Prod_SoutheastAsia_000j", "migrationStage":"MigrationComplete", "server":"GENERAL01000009"}}
{"logTime": "0724/105630", "correlationVector":"TTYprOAbmHURwokHwjS6RC","action":"SyncServerConnectionManagerRequest", "result":"SYNC_SERVER_OK", "context":{"environment":"", "migrationStage":"", "server":""}}
{"logTime": "0724/105630", "correlationVector":"T2EeMhNL0h6imGEWj+2ncD","action":"Initial GetUpdates", "result":"", "context":Reason: NEW_CLIENT. cV=T2EeMhNL0h6imGEWj+2ncD}
{"logTime": "0724/105630", "correlationVector":"T2EeMhNL0h6imGEWj+2ncD.2","action":"GetUpdates Response", "result":"Success", "context":Received 1 update(s). cV=T2EeMhNL0h6imGEWj+2ncD.0;server=GENERAL01000009;cloudType=Consumer;environment=Prod_SoutheastAsia_000j;migrationStage=MigrationComplete}
{"logTime": "0724/105630", "correlationVector":"GYMTCM0CXY6mV4C7k+erQp","action":"Normal GetUpdate request", "result":"", "context":cV=GYMTCM0CXY6mV4C7k+erQp
Refresh requested types: Encryption Keys}
{"logTime": "0724/105630", "correlationVector":"GYMTCM0CXY6mV4C7k+erQp.1","action":"SyncServerConnectionManagerRequest", "result":"SYNC_SERVER_OK", "context":{"environment":"Prod_SoutheastAsia_000j", "migrationStage":"NotStarted", "server":"GENERAL0300001G"}}
{"logTime": "0724/105630", "correlationVector":"GYMTCM0CXY6mV4C7k+erQp.2","action":"GetUpdates Response", "result":"Success", "context":Received 0 update(s). cV=GYMTCM0CXY6mV4C7k+erQp.0;server=GENERAL0300001G;cloudType=Consumer;environment=Prod_SoutheastAsia_000j;migrationStage=NotStarted}
{"logTime": "0724/110129", "correlationVector":"ZQlhg+pk7bqeGYUgOPNLfw","action":"Normal GetUpdate request", "result":"", "context":cV=ZQlhg+pk7bqeGYUgOPNLfw
Refresh requested types: Encryption Keys}
{"logTime": "0724/110129", "correlationVector":"ZQlhg+pk7bqeGYUgOPNLfw.1","action":"SyncServerConnectionManagerRequest", "result":"SYNC_SERVER_OK", "context":{"environment":"Prod_SoutheastAsia_000j", "migrationStage":"NotStarted", "server":"GENERAL0300000R"}}
{"logTime": "0724/110129", "correlationVector":"ZQlhg+pk7bqeGYUgOPNLfw.2","action":"GetUpdates Response", "result":"Success", "context":Received 0 update(s). cV=ZQlhg+pk7bqeGYUgOPNLfw.0;server=GENERAL0300000R;cloudType=Consumer;environment=Prod_SoutheastAsia_000j;migrationStage=NotStarted}
